<?xml version="1.0" encoding="UTF-8"?>
<testsuite name="hexlet.code.JsonTest" tests="1" skipped="0" failures="0" errors="0" timestamp="2023-02-19T17:25:49" hostname="DESKTOP-J7D66N2" time="0.695">
  <properties/>
  <testcase name="generateTest()" classname="hexlet.code.JsonTest" time="0.695"/>
  <system-out><![CDATA[]]></system-out>
  <system-err><![CDATA[]]></system-err>
</testsuite>
