<?xml version="1.0" encoding="UTF-8"?>
<testsuite name="hexlet.code.JsonTest" tests="2" skipped="0" failures="0" errors="0" timestamp="2023-02-25T11:27:56" hostname="DESKTOP-J7D66N2" time="0.846">
  <properties/>
  <testcase name="plainFormatTest()" classname="hexlet.code.JsonTest" time="0.832"/>
  <testcase name="generateTestYaml2()" classname="hexlet.code.JsonTest" time="0.013"/>
  <system-out><![CDATA[]]></system-out>
  <system-err><![CDATA[]]></system-err>
</testsuite>
